<?xml version="1.0" encoding="UTF-8"?>
<testsuite name="com.example.inf04.MainTest" tests="5" skipped="0" failures="0" errors="0" timestamp="2026-01-15T17:10:52" hostname="DESKTOP-KFBRG1T" time="0.033">
  <properties/>
  <testcase name="keyBiggerThanAlphabetLength()" classname="com.example.inf04.MainTest" time="0.023"/>
  <testcase name="positiveKeyShortThenAlphabetLength()" classname="com.example.inf04.MainTest" time="0.002"/>
  <testcase name="spaceInPlainText()" classname="com.example.inf04.MainTest" time="0.002"/>
  <testcase name="negativeKey()" classname="com.example.inf04.MainTest" time="0.001"/>
  <testcase name="lettersAndKeyOutOfAlphabet()" classname="com.example.inf04.MainTest" time="0.001"/>
  <system-out><![CDATA[]]></system-out>
  <system-err><![CDATA[]]></system-err>
</testsuite>
